<?xml version="1.0" encoding="UTF-8"?>
<testsuite xmlns:xsi="http://www.w3.org/2001/XMLSchema-instance" xsi:noNamespaceSchemaLocation="https://maven.apache.org/surefire/maven-surefire-plugin/xsd/surefire-test-report.xsd" version="3.0.2" name="com.xinjiema.hualimall.HualimalllApplicationTests" time="4.05" tests="1" errors="0" skipped="0" failures="0" flakes="0">
  <properties>
[...]
</properties>
  <testcase name="contextLoads" classname="com.xinjiema.hualimall.HualimalllApplicationTests" time="0.569">
    <system-out><![CDATA[2026-05-09 23:15:34.487 [main] INFO  o.s.t.c.support.AnnotationConfigContextLoaderUtils-Could not detect default configuration classes for test class [com.xinjiema.hualimall.HualimalllApplicationTests]: HualimalllApplicationTests does not declare any static, non-private, non-final, nested classes annotated with @Configuration.
2026-05-09 23:15:34.592 [main] INFO  o.s.b.t.context.SpringBootTestContextBootstrapper-Found @SpringBootConfiguration com.xinjiema.hualimall.HualimalllApplication for test class com.xinjiema.hualimall.HualimalllApplicationTests
2026-05-09 23:15:34.653 [main] INFO  o.s.t.c.support.AnnotationConfigContextLoaderUtils-Could not detect default configuration classes for test class [com.xinjiema.hualimall.HualimalllApplicationTests]: HualimalllApplicationTests does not declare any static, non-private, non-final, nested classes annotated with @Configuration.
2026-05-09 23:15:34.656 [main] INFO  o.s.b.t.context.SpringBootTestContextBootstrapper-Found @SpringBootConfiguration com.xinjiema.hualimall.HualimalllApplication for test class com.xinjiema.hualimall.HualimalllApplicationTests

  .   ____          _            __ _ _
 /\\ / ___'_ __ _ _(_)_ __  __ _ \ \ \ \
( ( )\___ | '_ | '_| | '_ \/ _` | \ \ \ \
 \\/  ___)| |_)| | | | | || (_| |  ) ) ) )
  '  |____| .__|_| |_|_| |_\__, | / / / /
 =========|_|==============|___/=/_/_/_/

 :: Spring Boot ::                (v4.0.5)

2026-05-09 23:15:34.929 [main] INFO  com.xinjiema.hualimall.HualimalllApplicationTests-Starting HualimalllApplicationTests using Java 25.0.2 with PID 13396 (started by 马鑫杰 in D:\project\hualimall\server)
2026-05-09 23:15:34.933 [main] INFO  com.xinjiema.hualimall.HualimalllApplicationTests-No active profile set, falling back to 1 default profile: "default"
2026-05-09 23:15:35.455 [main] INFO  o.s.d.r.config.RepositoryConfigurationDelegate-Bootstrapping Spring Data JPA repositories in DEFAULT mode.
2026-05-09 23:15:35.472 [main] INFO  o.s.d.r.config.RepositoryConfigurationDelegate-Finished Spring Data repository scanning in 9 ms. Found 0 JPA repository interfaces.
2026-05-09 23:15:35.816 [main] INFO  org.hibernate.orm.jpa-HHH008540: Processing PersistenceUnitInfo [name: default]
2026-05-09 23:15:35.861 [main] INFO  org.hibernate.orm.core-HHH000001: Hibernate ORM core version 7.2.7.Final
2026-05-09 23:15:36.232 [main] INFO  o.s.o.j.persistenceunit.SpringPersistenceUnitInfo-No LoadTimeWeaver setup: ignoring JPA class transformer
2026-05-09 23:15:36.255 [main] INFO  com.zaxxer.hikari.HikariDataSource-HikariPool-1 - Starting...
2026-05-09 23:15:36.375 [main] INFO  com.zaxxer.hikari.pool.HikariPool-HikariPool-1 - Added connection com.mysql.cj.jdbc.ConnectionImpl@9a37591
2026-05-09 23:15:36.377 [main] INFO  com.zaxxer.hikari.HikariDataSource-HikariPool-1 - Start completed.
2026-05-09 23:15:36.413 [main] WARN  org.hibernate.orm.deprecation-HHH90000025: MySQLDialect does not need to be specified explicitly using 'hibernate.dialect' (remove the property setting and it will be selected by default)
2026-05-09 23:15:36.427 [main] INFO  org.hibernate.orm.connections.pooling-HHH10001005: Database info:
	Database JDBC URL [jdbc:mysql://localhost:3306/hualimall?useSSL=false&serverTimezone=Asia/Shanghai&allowMultiQueries=true]
	Database driver: MySQL Connector/J
	Database dialect: MySQLDialect
	Database version: 9.6
	Default catalog/schema: hualimall/undefined
	Autocommit mode: undefined/unknown
	Isolation level: REPEATABLE_READ [default REPEATABLE_READ]
	JDBC fetch size: none
	Pool: DataSourceConnectionProvider
	Minimum pool size: undefined/unknown
	Maximum pool size: undefined/unknown
2026-05-09 23:15:36.747 [main] INFO  org.hibernate.orm.core-HHH000489: No JTA platform available (set 'hibernate.transaction.jta.platform' to enable JTA platform integration)
2026-05-09 23:15:36.753 [main] INFO  o.s.orm.jpa.LocalContainerEntityManagerFactoryBean-Initialized JPA EntityManagerFactory for persistence unit 'default'
2026-05-09 23:15:36.775 [main] INFO  c.x.hualimall.config.DatabaseSchemaInitializer-====== DatabaseSchemaInitializer 构造器已执行 ======
2026-05-09 23:15:37.147 [main] WARN  o.s.b.j.a.JpaBaseConfiguration$JpaWebConfiguration-spring.jpa.open-in-view is enabled by default. Therefore, database queries may be performed during view rendering. Explicitly configure spring.jpa.open-in-view to disable this warning
2026-05-09 23:15:37.552 [main] INFO  com.xinjiema.hualimall.HualimalllApplicationTests-Started HualimalllApplicationTests in 2.835 seconds (process running for 4.318)
2026-05-09 23:15:37.556 [main] INFO  c.x.hualimall.config.DatabaseSchemaInitializer-====== 开始执行数据库表初始化 ======
2026-05-09 23:15:37.556 [main] INFO  c.x.hualimall.config.DatabaseSchemaInitializer-正在检查并创建 buyer_profile 表...
2026-05-09 23:15:37.579 [main] INFO  c.x.hualimall.config.DatabaseSchemaInitializer-✓ buyer_profile 表创建或确认成功
2026-05-09 23:15:37.579 [main] INFO  c.x.hualimall.config.DatabaseSchemaInitializer-正在检查并创建 merchant_profile 表...
2026-05-09 23:15:37.590 [main] INFO  c.x.hualimall.config.DatabaseSchemaInitializer-✓ merchant_profile 表创建或确认成功
2026-05-09 23:15:37.604 [main] INFO  c.x.hualimall.config.DatabaseSchemaInitializer-正在检查并创建 payment 表...
2026-05-09 23:15:37.614 [main] INFO  c.x.hualimall.config.DatabaseSchemaInitializer-✓ payment 表创建或确认成功
2026-05-09 23:15:37.614 [main] INFO  c.x.hualimall.config.DatabaseSchemaInitializer-====== 数据库表初始化完成 ======
]]></system-out>
    <system-err><![CDATA[Mockito is currently self-attaching to enable the inline-mock-maker. This will no longer work in future releases of the JDK. Please add Mockito as an agent to your build as described in Mockito's documentation: https://javadoc.io/doc/org.mockito/mockito-core/latest/org.mockito/org/mockito/Mockito.html#0.3
WARNING: A Java agent has been loaded dynamically (D:\maven-repository\net\bytebuddy\byte-buddy-agent\1.17.8\byte-buddy-agent-1.17.8.jar)
WARNING: If a serviceability tool is in use, please run with -XX:+EnableDynamicAgentLoading to hide this warning
WARNING: If a serviceability tool is not in use, please run with -Djdk.instrument.traceUsage for more information
WARNING: Dynamic loading of agents will be disallowed by default in a future release
]]></system-err>
  </testcase>
</testsuite>